\BOOKMARK [1][-]{section.1}{\376\377\137\025\212\000}{}% 1
\BOOKMARK [1][-]{section.2}{\376\377\123\357\211\306\123\026\152\041\127\213\124\110\163\260}{}% 2
\BOOKMARK [2][-]{subsection.2.1}{\376\377\152\041\142\337\165\065\120\166\147\201\133\120\127\072\137\072\122\006\136\003}{section.2}% 3
\BOOKMARK [3][-]{subsubsection.2.1.1}{\376\377\225\356\230\230\143\317\217\360}{subsection.2.1}% 4
\BOOKMARK [3][-]{subsubsection.2.1.2}{\376\377\121\154\137\017\143\250\133\374}{subsection.2.1}% 5
\BOOKMARK [3][-]{subsubsection.2.1.3}{\376\377\116\343\170\001\211\343\221\312}{subsection.2.1}% 6
\BOOKMARK [3][-]{subsubsection.2.1.4}{\376\377\176\323\147\234\134\125\171\072}{subsection.2.1}% 7
\BOOKMARK [2][-]{subsection.2.2}{\376\377\154\102\160\271\165\065\203\167\166\204\165\065\127\072\137\072\136\246\124\214\165\065\122\277}{section.2}% 8
\BOOKMARK [3][-]{subsubsection.2.2.1}{\376\377\225\356\230\230\143\317\217\360}{subsection.2.2}% 9
\BOOKMARK [3][-]{subsubsection.2.2.2}{\376\377\121\154\137\017\143\250\133\374}{subsection.2.2}% 10
\BOOKMARK [3][-]{subsubsection.2.2.3}{\376\377\116\343\170\001\211\343\221\312}{subsection.2.2}% 11
\BOOKMARK [3][-]{subsubsection.2.2.4}{\376\377\176\323\147\234\134\125\171\072}{subsection.2.2}% 12
\BOOKMARK [2][-]{subsection.2.3}{\376\377\127\107\123\000\136\046\165\065\127\006\163\257\060\001\127\006\166\330\127\050\217\164\176\277\116\012\166\204\165\065\127\072\116\377\167\037}{section.2}% 13
\BOOKMARK [3][-]{subsubsection.2.3.1}{\376\377\225\356\230\230\143\317\217\360}{subsection.2.3}% 14
\BOOKMARK [3][-]{subsubsection.2.3.2}{\376\377\121\154\137\017\143\250\133\374}{subsection.2.3}% 15
\BOOKMARK [3][-]{subsubsection.2.3.3}{\376\377\116\343\170\001\211\343\221\312}{subsection.2.3}% 16
\BOOKMARK [3][-]{subsubsection.2.3.4}{\376\377\176\323\147\234\134\125\171\072}{subsection.2.3}% 17
\BOOKMARK [2][-]{subsection.2.4}{\376\377\154\102\127\107\123\000\136\046\165\065\164\003\130\363\166\204\165\065\127\072}{section.2}% 18
\BOOKMARK [3][-]{subsubsection.2.4.1}{\376\377\225\356\230\230\143\317\217\360}{subsection.2.4}% 19
\BOOKMARK [3][-]{subsubsection.2.4.2}{\376\377\121\154\137\017\143\250\133\374}{subsection.2.4}% 20
\BOOKMARK [3][-]{subsubsection.2.4.3}{\376\377\116\343\170\001\211\343\221\312}{subsection.2.4}% 21
\BOOKMARK [3][-]{subsubsection.2.4.4}{\376\377\176\323\147\234\134\125\171\072}{subsection.2.4}% 22
\BOOKMARK [3][-]{subsubsection.2.4.5}{\376\377\211\304\137\213\143\242\172\166}{subsection.2.4}% 23
\BOOKMARK [2][-]{subsection.2.5}{\376\377\217\320\122\250\165\065\203\167\166\204\170\301\127\072}{section.2}% 24
\BOOKMARK [3][-]{subsubsection.2.5.1}{\376\377\225\356\230\230\143\317\217\360}{subsection.2.5}% 25
\BOOKMARK [3][-]{subsubsection.2.5.2}{\376\377\121\154\137\017\143\250\133\374}{subsection.2.5}% 26
\BOOKMARK [3][-]{subsubsection.2.5.3}{\376\377\116\343\170\001\211\343\221\312}{subsection.2.5}% 27
\BOOKMARK [3][-]{subsubsection.2.5.4}{\376\377\176\323\147\234\134\125\171\072}{subsection.2.5}% 28
\BOOKMARK [3][-]{subsubsection.2.5.5}{\376\377\211\304\137\213\143\242\172\166}{subsection.2.5}% 29
\BOOKMARK [2][-]{subsection.2.6}{\376\377\145\340\176\277\225\177\166\364\133\374\176\277\170\301\141\037\136\224\176\277\122\006\136\003\211\304\137\213}{section.2}% 30
\BOOKMARK [3][-]{subsubsection.2.6.1}{\376\377\225\356\230\230\143\317\217\360}{subsection.2.6}% 31
\BOOKMARK [3][-]{subsubsection.2.6.2}{\376\377\121\154\137\017\143\250\133\374}{subsection.2.6}% 32
\BOOKMARK [3][-]{subsubsection.2.6.3}{\376\377\116\343\170\001\211\343\221\312}{subsection.2.6}% 33
\BOOKMARK [3][-]{subsubsection.2.6.4}{\376\377\176\323\147\234\134\125\171\072}{subsection.2.6}% 34
\BOOKMARK [1][-]{section.3}{\376\377\131\015\147\102\225\356\230\230\136\224\165\050\040\024\040\024\227\131\165\065\127\072\152\041\142\337\174\373\176\337}{}% 35
\BOOKMARK [2][-]{subsection.3.1}{\376\377\145\271\154\325\213\272\217\360}{section.3}% 36
\BOOKMARK [2][-]{subsection.3.2}{\376\377\000M\000a\000t\000l\000a\000b\172\013\136\217\123\312\213\276\213\241\140\035\215\357}{section.3}% 37
\BOOKMARK [3][-]{subsubsection.3.2.1}{\376\377\116\214\176\364\136\163\227\142}{subsection.3.2}% 38
\BOOKMARK [3][-]{subsubsection.3.2.2}{\376\377\116\011\176\364\136\163\227\142}{subsection.3.2}% 39
\BOOKMARK [2][-]{subsection.3.3}{\376\377\145\271\154\325\136\224\165\050\171\072\117\213}{section.3}% 40
\BOOKMARK [3][-]{subsubsection.3.3.1}{\376\377\145\271\154\325\166\204\147\011\145\110\140\047\123\312\117\030\215\212\140\047}{subsection.3.3}% 41
\BOOKMARK [3][-]{subsubsection.3.3.2}{\376\377\116\214\176\364\136\163\227\142\155\113\213\325\171\072\117\213}{subsection.3.3}% 42
\BOOKMARK [3][-]{subsubsection.3.3.3}{\376\377\116\011\176\364\172\172\225\364\155\113\213\325\171\072\117\213}{subsection.3.3}% 43
\BOOKMARK [1][-]{section.4}{\376\377\176\323\213\272}{}% 44
